<?xml version="1.0" encoding="UTF-8" standalone="yes"?><!DOCTYPE report PUBLIC "-//JACOCO//DTD Report 1.0//EN"
        "report.dtd">
<report name="WSO2 Carbon - Session Count Identity Application Authenticator">
    <sessioninfo id="dimuth-ThinkPad-X1-Carbon-5th-5639304d" start="1526100822877" dump="1526100823544"/>
    <package name="org/wso2/carbon/identity/application/authenticator/sessionauth">
        <class name="org/wso2/carbon/identity/application/authenticator/sessionauth/SessionCountAuthenticator">
            <method name="&lt;init&gt;" desc="()V" line="52">
                <counter type="INSTRUCTION" missed="0" covered="3"/>
                <counter type="LINE" missed="0" covered="1"/>
                <counter type="COMPLEXITY" missed="0" covered="1"/>
                <counter type="METHOD" missed="0" covered="1"/>
            </method>
            <method name="canHandle" desc="(Ljavax/servlet/http/HttpServletRequest;)Z" line="61">
                <counter type="INSTRUCTION" missed="2" covered="0"/>
                <counter type="LINE" missed="1" covered="0"/>
                <counter type="COMPLEXITY" missed="1" covered="0"/>
                <counter type="METHOD" missed="1" covered="0"/>
            </method>
            <method name="process"
                    desc="(Ljavax/servlet/http/HttpServletRequest;Ljavax/servlet/http/HttpServletResponse;Lorg/wso2/carbon/identity/application/authentication/framework/context/AuthenticationContext;)Lorg/wso2/carbon/identity/application/authentication/framework/AuthenticatorFlowStatus;"
                    line="69">
                <counter type="INSTRUCTION" missed="33" covered="5"/>
                <counter type="BRANCH" missed="3" covered="1"/>
                <counter type="LINE" missed="9" covered="2"/>
                <counter type="COMPLEXITY" missed="2" covered="1"/>
                <counter type="METHOD" missed="0" covered="1"/>
            </method>
            <method name="initiateAuthRequest"
                    desc="(Ljavax/servlet/http/HttpServletResponse;Lorg/wso2/carbon/identity/application/authentication/framework/context/AuthenticationContext;Ljava/lang/String;)Lorg/wso2/carbon/identity/application/authentication/framework/AuthenticatorFlowStatus;"
                    line="100">
                <counter type="INSTRUCTION" missed="108" covered="26"/>
                <counter type="BRANCH" missed="3" covered="3"/>
                <counter type="LINE" missed="23" covered="5"/>
                <counter type="COMPLEXITY" missed="2" covered="2"/>
                <counter type="METHOD" missed="0" covered="1"/>
            </method>
            <method name="getAllowedSessionLimit"
                    desc="(Lorg/wso2/carbon/identity/application/authentication/framework/context/AuthenticationContext;I)I"
                    line="149">
                <counter type="INSTRUCTION" missed="26" covered="0"/>
                <counter type="BRANCH" missed="4" covered="0"/>
                <counter type="LINE" missed="10" covered="0"/>
                <counter type="COMPLEXITY" missed="3" covered="0"/>
                <counter type="METHOD" missed="1" covered="0"/>
            </method>
            <method name="processAuthenticationResponse"
                    desc="(Ljavax/servlet/http/HttpServletRequest;Ljavax/servlet/http/HttpServletResponse;Lorg/wso2/carbon/identity/application/authentication/framework/context/AuthenticationContext;)V"
                    line="170">
                <counter type="INSTRUCTION" missed="62" covered="0"/>
                <counter type="BRANCH" missed="6" covered="0"/>
                <counter type="LINE" missed="14" covered="0"/>
                <counter type="COMPLEXITY" missed="4" covered="0"/>
                <counter type="METHOD" missed="1" covered="0"/>
            </method>
            <method name="retryAuthenticationEnabled" desc="()Z" line="192">
                <counter type="INSTRUCTION" missed="2" covered="0"/>
                <counter type="LINE" missed="1" covered="0"/>
                <counter type="COMPLEXITY" missed="1" covered="0"/>
                <counter type="METHOD" missed="1" covered="0"/>
            </method>
            <method name="getContextIdentifier" desc="(Ljavax/servlet/http/HttpServletRequest;)Ljava/lang/String;"
                    line="198">
                <counter type="INSTRUCTION" missed="4" covered="0"/>
                <counter type="LINE" missed="1" covered="0"/>
                <counter type="COMPLEXITY" missed="1" covered="0"/>
                <counter type="METHOD" missed="1" covered="0"/>
            </method>
            <method name="getFriendlyName" desc="()Ljava/lang/String;" line="204">
                <counter type="INSTRUCTION" missed="0" covered="2"/>
                <counter type="LINE" missed="0" covered="1"/>
                <counter type="COMPLEXITY" missed="0" covered="1"/>
                <counter type="METHOD" missed="0" covered="1"/>
            </method>
            <method name="getName" desc="()Ljava/lang/String;" line="210">
                <counter type="INSTRUCTION" missed="0" covered="2"/>
                <counter type="LINE" missed="0" covered="1"/>
                <counter type="COMPLEXITY" missed="0" covered="1"/>
                <counter type="METHOD" missed="0" covered="1"/>
            </method>
            <method name="getSelectedSessionIDs" desc="(Ljava/util/Map;)Ljava/util/ArrayList;" line="215">
                <counter type="INSTRUCTION" missed="52" covered="0"/>
                <counter type="BRANCH" missed="4" covered="0"/>
                <counter type="LINE" missed="13" covered="0"/>
                <counter type="COMPLEXITY" missed="3" covered="0"/>
                <counter type="METHOD" missed="1" covered="0"/>
            </method>
            <method name="&lt;clinit&gt;" desc="()V" line="56">
                <counter type="INSTRUCTION" missed="0" covered="4"/>
                <counter type="LINE" missed="0" covered="1"/>
                <counter type="COMPLEXITY" missed="0" covered="1"/>
                <counter type="METHOD" missed="0" covered="1"/>
            </method>
            <counter type="INSTRUCTION" missed="289" covered="42"/>
            <counter type="BRANCH" missed="20" covered="4"/>
            <counter type="LINE" missed="72" covered="11"/>
            <counter type="COMPLEXITY" missed="17" covered="7"/>
            <counter type="METHOD" missed="6" covered="6"/>
            <counter type="CLASS" missed="0" covered="1"/>
        </class>
        <class name="org/wso2/carbon/identity/application/authenticator/sessionauth/SessionCountAuthenticatorConstants">
            <method name="&lt;init&gt;" desc="()V" line="23">
                <counter type="INSTRUCTION" missed="3" covered="0"/>
                <counter type="LINE" missed="1" covered="0"/>
                <counter type="COMPLEXITY" missed="1" covered="0"/>
                <counter type="METHOD" missed="1" covered="0"/>
            </method>
            <counter type="INSTRUCTION" missed="3" covered="0"/>
            <counter type="LINE" missed="1" covered="0"/>
            <counter type="COMPLEXITY" missed="1" covered="0"/>
            <counter type="METHOD" missed="1" covered="0"/>
            <counter type="CLASS" missed="1" covered="0"/>
        </class>
        <sourcefile name="SessionCountAuthenticatorConstants.java">
            <line nr="23" mi="3" ci="0" mb="0" cb="0"/>
            <counter type="INSTRUCTION" missed="3" covered="0"/>
            <counter type="LINE" missed="1" covered="0"/>
            <counter type="COMPLEXITY" missed="1" covered="0"/>
            <counter type="METHOD" missed="1" covered="0"/>
            <counter type="CLASS" missed="1" covered="0"/>
        </sourcefile>
        <sourcefile name="SessionCountAuthenticator.java">
            <line nr="52" mi="0" ci="3" mb="0" cb="0"/>
            <line nr="56" mi="0" ci="4" mb="0" cb="0"/>
            <line nr="61" mi="2" ci="0" mb="0" cb="0"/>
            <line nr="69" mi="0" ci="3" mb="1" cb="1"/>
            <line nr="70" mi="0" ci="2" mb="0" cb="0"/>
            <line nr="72" mi="5" ci="0" mb="2" cb="0"/>
            <line nr="75" mi="5" ci="0" mb="0" cb="0"/>
            <line nr="76" mi="1" ci="0" mb="0" cb="0"/>
            <line nr="77" mi="3" ci="0" mb="0" cb="0"/>
            <line nr="78" mi="4" ci="0" mb="0" cb="0"/>
            <line nr="79" mi="6" ci="0" mb="0" cb="0"/>
            <line nr="81" mi="1" ci="0" mb="0" cb="0"/>
            <line nr="82" mi="2" ci="0" mb="0" cb="0"/>
            <line nr="84" mi="6" ci="0" mb="0" cb="0"/>
            <line nr="100" mi="0" ci="11" mb="0" cb="0"/>
            <line nr="101" mi="0" ci="3" mb="0" cb="0"/>
            <line nr="103" mi="0" ci="2" mb="0" cb="2"/>
            <line nr="104" mi="0" ci="5" mb="0" cb="0"/>
            <line nr="107" mi="0" ci="5" mb="1" cb="1"/>
            <line nr="109" mi="2" ci="0" mb="0" cb="0"/>
            <line nr="111" mi="3" ci="0" mb="0" cb="0"/>
            <line nr="112" mi="6" ci="0" mb="0" cb="0"/>
            <line nr="113" mi="7" ci="0" mb="0" cb="0"/>
            <line nr="114" mi="1" ci="0" mb="0" cb="0"/>
            <line nr="115" mi="5" ci="0" mb="0" cb="0"/>
            <line nr="116" mi="3" ci="0" mb="0" cb="0"/>
            <line nr="117" mi="2" ci="0" mb="0" cb="0"/>
            <line nr="118" mi="3" ci="0" mb="2" cb="0"/>
            <line nr="119" mi="9" ci="0" mb="0" cb="0"/>
            <line nr="121" mi="15" ci="0" mb="0" cb="0"/>
            <line nr="122" mi="6" ci="0" mb="0" cb="0"/>
            <line nr="123" mi="6" ci="0" mb="0" cb="0"/>
            <line nr="124" mi="5" ci="0" mb="0" cb="0"/>
            <line nr="125" mi="10" ci="0" mb="0" cb="0"/>
            <line nr="127" mi="3" ci="0" mb="0" cb="0"/>
            <line nr="128" mi="4" ci="0" mb="0" cb="0"/>
            <line nr="129" mi="2" ci="0" mb="0" cb="0"/>
            <line nr="131" mi="1" ci="0" mb="0" cb="0"/>
            <line nr="132" mi="6" ci="0" mb="0" cb="0"/>
            <line nr="133" mi="1" ci="0" mb="0" cb="0"/>
            <line nr="134" mi="6" ci="0" mb="0" cb="0"/>
            <line nr="137" mi="2" ci="0" mb="0" cb="0"/>
            <line nr="149" mi="4" ci="0" mb="0" cb="0"/>
            <line nr="150" mi="4" ci="0" mb="0" cb="0"/>
            <line nr="152" mi="2" ci="0" mb="2" cb="0"/>
            <line nr="154" mi="4" ci="0" mb="0" cb="0"/>
            <line nr="155" mi="1" ci="0" mb="0" cb="0"/>
            <line nr="156" mi="4" ci="0" mb="0" cb="0"/>
            <line nr="157" mi="1" ci="0" mb="0" cb="0"/>
            <line nr="159" mi="2" ci="0" mb="2" cb="0"/>
            <line nr="160" mi="2" ci="0" mb="0" cb="0"/>
            <line nr="162" mi="2" ci="0" mb="0" cb="0"/>
            <line nr="170" mi="2" ci="0" mb="0" cb="0"/>
            <line nr="171" mi="5" ci="0" mb="0" cb="0"/>
            <line nr="172" mi="5" ci="0" mb="0" cb="0"/>
            <line nr="173" mi="4" ci="0" mb="0" cb="0"/>
            <line nr="174" mi="5" ci="0" mb="0" cb="0"/>
            <line nr="175" mi="10" ci="0" mb="2" cb="0"/>
            <line nr="176" mi="4" ci="0" mb="0" cb="0"/>
            <line nr="177" mi="2" ci="0" mb="2" cb="0"/>
            <line nr="178" mi="1" ci="0" mb="0" cb="0"/>
            <line nr="179" mi="12" ci="0" mb="0" cb="0"/>
            <line nr="181" mi="1" ci="0" mb="0" cb="0"/>
            <line nr="182" mi="5" ci="0" mb="2" cb="0"/>
            <line nr="184" mi="5" ci="0" mb="0" cb="0"/>
            <line nr="187" mi="1" ci="0" mb="0" cb="0"/>
            <line nr="192" mi="2" ci="0" mb="0" cb="0"/>
            <line nr="198" mi="4" ci="0" mb="0" cb="0"/>
            <line nr="204" mi="0" ci="2" mb="0" cb="0"/>
            <line nr="210" mi="0" ci="2" mb="0" cb="0"/>
            <line nr="215" mi="3" ci="0" mb="0" cb="0"/>
            <line nr="216" mi="4" ci="0" mb="0" cb="0"/>
            <line nr="217" mi="9" ci="0" mb="2" cb="0"/>
            <line nr="218" mi="5" ci="0" mb="0" cb="0"/>
            <line nr="219" mi="1" ci="0" mb="0" cb="0"/>
            <line nr="220" mi="4" ci="0" mb="0" cb="0"/>
            <line nr="221" mi="4" ci="0" mb="0" cb="0"/>
            <line nr="222" mi="4" ci="0" mb="0" cb="0"/>
            <line nr="223" mi="4" ci="0" mb="0" cb="0"/>
            <line nr="224" mi="4" ci="0" mb="0" cb="0"/>
            <line nr="225" mi="4" ci="0" mb="2" cb="0"/>
            <line nr="226" mi="4" ci="0" mb="0" cb="0"/>
            <line nr="228" mi="2" ci="0" mb="0" cb="0"/>
            <counter type="INSTRUCTION" missed="289" covered="42"/>
            <counter type="BRANCH" missed="20" covered="4"/>
            <counter type="LINE" missed="72" covered="11"/>
            <counter type="COMPLEXITY" missed="17" covered="7"/>
            <counter type="METHOD" missed="6" covered="6"/>
            <counter type="CLASS" missed="0" covered="1"/>
        </sourcefile>
        <counter type="INSTRUCTION" missed="292" covered="42"/>
        <counter type="BRANCH" missed="20" covered="4"/>
        <counter type="LINE" missed="73" covered="11"/>
        <counter type="COMPLEXITY" missed="18" covered="7"/>
        <counter type="METHOD" missed="7" covered="6"/>
        <counter type="CLASS" missed="1" covered="1"/>
    </package>
    <package name="org/wso2/carbon/identity/application/authenticator/sessionauth/internal">
        <class name="org/wso2/carbon/identity/application/authenticator/sessionauth/internal/SessionAuthenticatorServiceComponent">
            <method name="&lt;init&gt;" desc="()V" line="33">
                <counter type="INSTRUCTION" missed="3" covered="0"/>
                <counter type="LINE" missed="1" covered="0"/>
                <counter type="COMPLEXITY" missed="1" covered="0"/>
                <counter type="METHOD" missed="1" covered="0"/>
            </method>
            <method name="activate" desc="(Lorg/osgi/service/component/ComponentContext;)V" line="41">
                <counter type="INSTRUCTION" missed="25" covered="0"/>
                <counter type="BRANCH" missed="2" covered="0"/>
                <counter type="LINE" missed="8" covered="0"/>
                <counter type="COMPLEXITY" missed="2" covered="0"/>
                <counter type="METHOD" missed="1" covered="0"/>
            </method>
            <method name="deactivate" desc="(Lorg/osgi/service/component/ComponentContext;)V" line="56">
                <counter type="INSTRUCTION" missed="7" covered="0"/>
                <counter type="BRANCH" missed="2" covered="0"/>
                <counter type="LINE" missed="3" covered="0"/>
                <counter type="COMPLEXITY" missed="2" covered="0"/>
                <counter type="METHOD" missed="1" covered="0"/>
            </method>
            <method name="&lt;clinit&gt;" desc="()V" line="35">
                <counter type="INSTRUCTION" missed="4" covered="0"/>
                <counter type="LINE" missed="1" covered="0"/>
                <counter type="COMPLEXITY" missed="1" covered="0"/>
                <counter type="METHOD" missed="1" covered="0"/>
            </method>
            <counter type="INSTRUCTION" missed="39" covered="0"/>
            <counter type="BRANCH" missed="4" covered="0"/>
            <counter type="LINE" missed="13" covered="0"/>
            <counter type="COMPLEXITY" missed="6" covered="0"/>
            <counter type="METHOD" missed="4" covered="0"/>
            <counter type="CLASS" missed="1" covered="0"/>
        </class>
        <sourcefile name="SessionAuthenticatorServiceComponent.java">
            <line nr="33" mi="3" ci="0" mb="0" cb="0"/>
            <line nr="35" mi="4" ci="0" mb="0" cb="0"/>
            <line nr="41" mi="4" ci="0" mb="0" cb="0"/>
            <line nr="42" mi="8" ci="0" mb="0" cb="0"/>
            <line nr="45" mi="3" ci="0" mb="2" cb="0"/>
            <line nr="46" mi="3" ci="0" mb="0" cb="0"/>
            <line nr="48" mi="1" ci="0" mb="0" cb="0"/>
            <line nr="49" mi="4" ci="0" mb="0" cb="0"/>
            <line nr="50" mi="1" ci="0" mb="0" cb="0"/>
            <line nr="51" mi="1" ci="0" mb="0" cb="0"/>
            <line nr="56" mi="3" ci="0" mb="2" cb="0"/>
            <line nr="57" mi="3" ci="0" mb="0" cb="0"/>
            <line nr="59" mi="1" ci="0" mb="0" cb="0"/>
            <counter type="INSTRUCTION" missed="39" covered="0"/>
            <counter type="BRANCH" missed="4" covered="0"/>
            <counter type="LINE" missed="13" covered="0"/>
            <counter type="COMPLEXITY" missed="6" covered="0"/>
            <counter type="METHOD" missed="4" covered="0"/>
            <counter type="CLASS" missed="1" covered="0"/>
        </sourcefile>
        <counter type="INSTRUCTION" missed="39" covered="0"/>
        <counter type="BRANCH" missed="4" covered="0"/>
        <counter type="LINE" missed="13" covered="0"/>
        <counter type="COMPLEXITY" missed="6" covered="0"/>
        <counter type="METHOD" missed="4" covered="0"/>
        <counter type="CLASS" missed="1" covered="0"/>
    </package>
    <package name="org/wso2/carbon/identity/application/authenticator/sessionauth/exception">
        <class name="org/wso2/carbon/identity/application/authenticator/sessionauth/exception/SessionValidationException">
            <method name="&lt;init&gt;" desc="(Ljava/lang/String;)V" line="29">
                <counter type="INSTRUCTION" missed="4" covered="0"/>
                <counter type="LINE" missed="2" covered="0"/>
                <counter type="COMPLEXITY" missed="1" covered="0"/>
                <counter type="METHOD" missed="1" covered="0"/>
            </method>
            <counter type="INSTRUCTION" missed="4" covered="0"/>
            <counter type="LINE" missed="2" covered="0"/>
            <counter type="COMPLEXITY" missed="1" covered="0"/>
            <counter type="METHOD" missed="1" covered="0"/>
            <counter type="CLASS" missed="1" covered="0"/>
        </class>
        <sourcefile name="SessionValidationException.java">
            <line nr="29" mi="3" ci="0" mb="0" cb="0"/>
            <line nr="30" mi="1" ci="0" mb="0" cb="0"/>
            <counter type="INSTRUCTION" missed="4" covered="0"/>
            <counter type="LINE" missed="2" covered="0"/>
            <counter type="COMPLEXITY" missed="1" covered="0"/>
            <counter type="METHOD" missed="1" covered="0"/>
            <counter type="CLASS" missed="1" covered="0"/>
        </sourcefile>
        <counter type="INSTRUCTION" missed="4" covered="0"/>
        <counter type="LINE" missed="2" covered="0"/>
        <counter type="COMPLEXITY" missed="1" covered="0"/>
        <counter type="METHOD" missed="1" covered="0"/>
        <counter type="CLASS" missed="1" covered="0"/>
    </package>
    <package name="org/wso2/carbon/identity/application/authenticator/sessionauth/util">
        <class name="org/wso2/carbon/identity/application/authenticator/sessionauth/util/AuthenticatorUtil">
            <method name="&lt;init&gt;" desc="()V" line="50">
                <counter type="INSTRUCTION" missed="3" covered="0"/>
                <counter type="LINE" missed="1" covered="0"/>
                <counter type="COMPLEXITY" missed="1" covered="0"/>
                <counter type="METHOD" missed="1" covered="0"/>
            </method>
            <method name="getSessionDetails"
                    desc="(Lorg/wso2/carbon/identity/application/authentication/framework/model/AuthenticatedUser;)Lorg/json/JSONArray;"
                    line="66">
                <counter type="INSTRUCTION" missed="63" covered="5"/>
                <counter type="BRANCH" missed="4" covered="0"/>
                <counter type="LINE" missed="15" covered="2"/>
                <counter type="COMPLEXITY" missed="2" covered="1"/>
                <counter type="METHOD" missed="0" covered="1"/>
            </method>
            <method name="createHttpRequest"
                    desc="(Lorg/wso2/carbon/identity/application/authentication/framework/model/AuthenticatedUser;)Lorg/apache/http/client/methods/HttpPost;"
                    line="99">
                <counter type="INSTRUCTION" missed="52" covered="37"/>
                <counter type="LINE" missed="9" covered="8"/>
                <counter type="COMPLEXITY" missed="0" covered="1"/>
                <counter type="METHOD" missed="0" covered="1"/>
            </method>
            <method name="getQuery" desc="(Ljava/lang/String;Ljava/lang/String;Ljava/lang/String;)Ljava/lang/String;"
                    line="126">
                <counter type="INSTRUCTION" missed="0" covered="25"/>
                <counter type="LINE" missed="0" covered="1"/>
                <counter type="COMPLEXITY" missed="0" covered="1"/>
                <counter type="METHOD" missed="0" covered="1"/>
            </method>
            <method name="setAuthorizationHeader"
                    desc="(Lorg/apache/http/client/methods/HttpPost;Ljava/lang/String;Ljava/lang/String;)Lorg/apache/http/client/methods/HttpPost;"
                    line="149">
                <counter type="INSTRUCTION" missed="0" covered="37"/>
                <counter type="LINE" missed="0" covered="5"/>
                <counter type="COMPLEXITY" missed="0" covered="1"/>
                <counter type="METHOD" missed="0" covered="1"/>
            </method>
            <method name="getLoginPageURL" desc="()Ljava/lang/String;" line="173">
                <counter type="INSTRUCTION" missed="6" covered="0"/>
                <counter type="LINE" missed="1" covered="0"/>
                <counter type="COMPLEXITY" missed="1" covered="0"/>
                <counter type="METHOD" missed="1" covered="0"/>
            </method>
            <method name="&lt;clinit&gt;" desc="()V" line="53">
                <counter type="INSTRUCTION" missed="0" covered="4"/>
                <counter type="LINE" missed="0" covered="1"/>
                <counter type="COMPLEXITY" missed="0" covered="1"/>
                <counter type="METHOD" missed="0" covered="1"/>
            </method>
            <counter type="INSTRUCTION" missed="124" covered="108"/>
            <counter type="BRANCH" missed="4" covered="0"/>
            <counter type="LINE" missed="26" covered="17"/>
            <counter type="COMPLEXITY" missed="4" covered="5"/>
            <counter type="METHOD" missed="2" covered="5"/>
            <counter type="CLASS" missed="0" covered="1"/>
        </class>
        <sourcefile name="AuthenticatorUtil.java">
            <line nr="50" mi="3" ci="0" mb="0" cb="0"/>
            <line nr="53" mi="0" ci="4" mb="0" cb="0"/>
            <line nr="66" mi="0" ci="2" mb="0" cb="0"/>
            <line nr="67" mi="0" ci="3" mb="0" cb="0"/>
            <line nr="68" mi="3" ci="0" mb="0" cb="0"/>
            <line nr="71" mi="4" ci="0" mb="0" cb="0"/>
            <line nr="72" mi="5" ci="0" mb="2" cb="0"/>
            <line nr="74" mi="6" ci="0" mb="0" cb="0"/>
            <line nr="75" mi="2" ci="0" mb="0" cb="0"/>
            <line nr="76" mi="4" ci="0" mb="0" cb="0"/>
            <line nr="77" mi="4" ci="0" mb="0" cb="0"/>
            <line nr="79" mi="5" ci="0" mb="2" cb="0"/>
            <line nr="80" mi="5" ci="0" mb="0" cb="0"/>
            <line nr="82" mi="6" ci="0" mb="0" cb="0"/>
            <line nr="83" mi="2" ci="0" mb="0" cb="0"/>
            <line nr="84" mi="1" ci="0" mb="0" cb="0"/>
            <line nr="85" mi="8" ci="0" mb="0" cb="0"/>
            <line nr="86" mi="6" ci="0" mb="0" cb="0"/>
            <line nr="88" mi="2" ci="0" mb="0" cb="0"/>
            <line nr="99" mi="0" ci="4" mb="0" cb="0"/>
            <line nr="100" mi="0" ci="5" mb="0" cb="0"/>
            <line nr="102" mi="0" ci="5" mb="0" cb="0"/>
            <line nr="103" mi="0" ci="5" mb="0" cb="0"/>
            <line nr="104" mi="0" ci="1" mb="0" cb="0"/>
            <line nr="105" mi="0" ci="5" mb="0" cb="0"/>
            <line nr="106" mi="0" ci="5" mb="0" cb="0"/>
            <line nr="108" mi="0" ci="7" mb="0" cb="0"/>
            <line nr="109" mi="6" ci="0" mb="0" cb="0"/>
            <line nr="111" mi="9" ci="0" mb="0" cb="0"/>
            <line nr="113" mi="4" ci="0" mb="0" cb="0"/>
            <line nr="114" mi="7" ci="0" mb="0" cb="0"/>
            <line nr="115" mi="6" ci="0" mb="0" cb="0"/>
            <line nr="117" mi="11" ci="0" mb="0" cb="0"/>
            <line nr="119" mi="4" ci="0" mb="0" cb="0"/>
            <line nr="120" mi="3" ci="0" mb="0" cb="0"/>
            <line nr="121" mi="2" ci="0" mb="0" cb="0"/>
            <line nr="126" mi="0" ci="25" mb="0" cb="0"/>
            <line nr="149" mi="0" ci="11" mb="0" cb="0"/>
            <line nr="150" mi="0" ci="7" mb="0" cb="0"/>
            <line nr="151" mi="0" ci="6" mb="0" cb="0"/>
            <line nr="152" mi="0" ci="11" mb="0" cb="0"/>
            <line nr="154" mi="0" ci="2" mb="0" cb="0"/>
            <line nr="173" mi="6" ci="0" mb="0" cb="0"/>
            <counter type="INSTRUCTION" missed="124" covered="108"/>
            <counter type="BRANCH" missed="4" covered="0"/>
            <counter type="LINE" missed="26" covered="17"/>
            <counter type="COMPLEXITY" missed="4" covered="5"/>
            <counter type="METHOD" missed="2" covered="5"/>
            <counter type="CLASS" missed="0" covered="1"/>
        </sourcefile>
        <counter type="INSTRUCTION" missed="124" covered="108"/>
        <counter type="BRANCH" missed="4" covered="0"/>
        <counter type="LINE" missed="26" covered="17"/>
        <counter type="COMPLEXITY" missed="4" covered="5"/>
        <counter type="METHOD" missed="2" covered="5"/>
        <counter type="CLASS" missed="0" covered="1"/>
    </package>
    <counter type="INSTRUCTION" missed="459" covered="150"/>
    <counter type="BRANCH" missed="28" covered="4"/>
    <counter type="LINE" missed="114" covered="28"/>
    <counter type="COMPLEXITY" missed="29" covered="12"/>
    <counter type="METHOD" missed="14" covered="11"/>
    <counter type="CLASS" missed="3" covered="2"/>
</report>