<?xml version="1.0" encoding="UTF-8"?>
<!-- Generated by org.testng.reporters.JUnitXMLReporter -->
<testsuite hostname="dimuth-ThinkPad-X1-Carbon-5th" name="session-validation-authenticator-all" tests="8" failures="0"
           timestamp="12 May 2018 04:53:43 GMT" time="0.508" errors="0">
    <testcase name="testGetQuery" time="0.004"
              classname="org.wso2.carbon.identity.application.authenticator.sessionauth.test.AuthenticatorUtilTest"/>
    <testcase name="testGetSessionDetails" time="0.246"
              classname="org.wso2.carbon.identity.application.authenticator.sessionauth.test.AuthenticatorUtilTest"/>
    <testcase name="testSetAuthorizationHeader" time="0.004"
              classname="org.wso2.carbon.identity.application.authenticator.sessionauth.test.AuthenticatorUtilTest"/>
    <testcase name="testGetFriendlyName" time="0.001"
              classname="org.wso2.carbon.identity.application.authenticator.sessionauth.test.AuthenticatorTest"/>
    <testcase name="testGetName" time="0.0"
              classname="org.wso2.carbon.identity.application.authenticator.sessionauth.test.AuthenticatorTest"/>
    <testcase name="testProcessInitialRequest" time="0.004"
              classname="org.wso2.carbon.identity.application.authenticator.sessionauth.test.AuthenticatorTest"/>
    <testcase name="testProcessInitialRequestWithValidUser" time="0.027"
              classname="org.wso2.carbon.identity.application.authenticator.sessionauth.test.AuthenticatorTest"/>
    <testcase name="testProcessLogout" time="0.001"
              classname="org.wso2.carbon.identity.application.authenticator.sessionauth.test.AuthenticatorTest"/>
</testsuite> <!-- session-validation-authenticator-all -->
